[0m05:21:53.965552 [debug] [MainThread]: Sending event: {'category': 'dbt', 'action': 'invocation', 'label': 'start', 'context': [<snowplow_tracker.self_describing_json.SelfDescribingJson object at 0x0000026238132A50>, <snowplow_tracker.self_describing_json.SelfDescribingJson object at 0x00000262386C5550>, <snowplow_tracker.self_describing_json.SelfDescribingJson object at 0x000002623806DFA0>]}


============================== 05:21:53.996812 | 870ecc91-a1d7-41a2-9651-2cc27916eef2 ==============================
[0m05:21:53.996812 [info ] [MainThread]: Running with dbt=1.11.3
[0m05:21:54.008051 [debug] [MainThread]: running dbt with arguments {'static_parser': 'True', 'no_print': 'None', 'version_check': 'True', 'target_path': 'None', 'warn_error_options': 'WarnErrorOptionsV2(error=[], warn=[], silence=[])', 'printer_width': '80', 'write_json': 'True', 'empty': 'None', 'log_cache_events': 'False', 'introspect': 'True', 'cache_selected_only': 'False', 'log_format': 'default', 'debug': 'False', 'fail_fast': 'False', 'profiles_dir': 'C:\\Users\\Admin\\.dbt', 'send_anonymous_usage_stats': 'True', 'quiet': 'False', 'warn_error': 'None', 'partial_parse': 'True', 'use_colors': 'True', 'indirect_selection': 'eager', 'invocation_command': 'dbt init', 'use_experimental_parser': 'False', 'log_path': 'logs'}
[0m05:21:54.132645 [info ] [MainThread]: Creating dbt configuration folder at C:\Users\Admin\.dbt
[0m05:24:00.433568 [debug] [MainThread]: Starter project path: C:\Users\Admin\AppData\Local\Programs\Python\Python312\Lib\site-packages\dbt\include\starter_project
[0m05:24:00.627569 [info ] [MainThread]: 
Your new dbt project "airbnb_project" was created!

For more information on how to configure the profiles.yml file,
please consult the dbt documentation here:

  https://docs.getdbt.com/docs/configure-your-profile

One more thing:

Need help? Don't hesitate to reach out to us via GitHub issues or on Slack:

  https://community.getdbt.com/

Happy modeling!

[0m05:24:00.639551 [info ] [MainThread]: Setting up your profile.
[0m05:24:13.856716 [debug] [MainThread]: Snowflake adapter: Setting snowflake.connector to ERROR (file logging only)
[0m05:24:13.858717 [debug] [MainThread]: Snowflake adapter: Setting botocore to ERROR (file logging only)
[0m05:24:13.864713 [debug] [MainThread]: Snowflake adapter: Setting boto3 to ERROR (file logging only)
[0m05:29:43.296801 [info ] [MainThread]: Profile airbnb_project written to C:\Users\Admin\.dbt\profiles.yml using target's profile_template.yml and your supplied values. Run 'dbt debug' to validate the connection.
[0m05:29:43.312325 [debug] [MainThread]: Command `dbt init` succeeded at 05:29:43.311329 after 469.94 seconds
[0m05:29:43.328381 [debug] [MainThread]: Sending event: {'category': 'dbt', 'action': 'invocation', 'label': 'end', 'context': [<snowplow_tracker.self_describing_json.SelfDescribingJson object at 0x00000262360D5A90>, <snowplow_tracker.self_describing_json.SelfDescribingJson object at 0x000002623A939FA0>, <snowplow_tracker.self_describing_json.SelfDescribingJson object at 0x000002623AC84B00>]}
[0m05:29:43.333379 [debug] [MainThread]: Flushing usage events
[0m05:29:50.045282 [debug] [MainThread]: An error was encountered while trying to flush usage events
[0m03:19:28.218656 [debug] [MainThread]: Sending event: {'category': 'dbt', 'action': 'invocation', 'label': 'start', 'context': [<snowplow_tracker.self_describing_json.SelfDescribingJson object at 0x0000023AAB3AD160>, <snowplow_tracker.self_describing_json.SelfDescribingJson object at 0x0000023AAB615BE0>, <snowplow_tracker.self_describing_json.SelfDescribingJson object at 0x0000023AA9530D70>]}


============================== 03:19:28.273906 | 617dbe1a-4aad-4479-81a2-47a1e4aa6e1c ==============================
[0m03:19:28.273906 [info ] [MainThread]: Running with dbt=1.11.3
[0m03:19:28.282614 [debug] [MainThread]: running dbt with arguments {'version_check': 'True', 'no_print': 'None', 'static_parser': 'True', 'warn_error_options': 'WarnErrorOptionsV2(error=[], warn=[], silence=[])', 'target_path': 'None', 'printer_width': '80', 'write_json': 'True', 'empty': 'None', 'log_cache_events': 'False', 'introspect': 'True', 'cache_selected_only': 'False', 'fail_fast': 'False', 'debug': 'False', 'log_format': 'default', 'partial_parse': 'True', 'send_anonymous_usage_stats': 'True', 'quiet': 'False', 'warn_error': 'None', 'profiles_dir': 'C:\\Users\\Admin\\.dbt', 'invocation_command': 'dbt init', 'indirect_selection': 'eager', 'use_colors': 'True', 'use_experimental_parser': 'False', 'log_path': 'logs'}
[0m03:19:58.605694 [info ] [MainThread]: A project called Airbnb_project already exists here.
[0m03:19:58.610661 [debug] [MainThread]: Command `dbt init` succeeded at 03:19:58.609662 after 31.33 seconds
[0m03:19:58.612660 [debug] [MainThread]: Sending event: {'category': 'dbt', 'action': 'invocation', 'label': 'end', 'context': [<snowplow_tracker.self_describing_json.SelfDescribingJson object at 0x0000023AAB3AD160>, <snowplow_tracker.self_describing_json.SelfDescribingJson object at 0x0000023AAB0E6240>, <snowplow_tracker.self_describing_json.SelfDescribingJson object at 0x0000023AAB0E7860>]}
[0m03:19:58.614659 [debug] [MainThread]: Flushing usage events
[0m03:20:01.766806 [debug] [MainThread]: An error was encountered while trying to flush usage events
[0m03:20:29.248986 [debug] [MainThread]: Sending event: {'category': 'dbt', 'action': 'invocation', 'label': 'start', 'context': [<snowplow_tracker.self_describing_json.SelfDescribingJson object at 0x0000026C4D603770>, <snowplow_tracker.self_describing_json.SelfDescribingJson object at 0x0000026C4D4BBE60>, <snowplow_tracker.self_describing_json.SelfDescribingJson object at 0x0000026C4D0B90D0>]}


============================== 03:20:29.283079 | 65746c42-2a34-4aca-9829-01d86fb17fef ==============================
[0m03:20:29.283079 [info ] [MainThread]: Running with dbt=1.11.3
[0m03:20:29.287995 [debug] [MainThread]: running dbt with arguments {'version_check': 'True', 'no_print': 'None', 'static_parser': 'True', 'target_path': 'None', 'warn_error_options': 'WarnErrorOptionsV2(error=[], warn=[], silence=[])', 'printer_width': '80', 'write_json': 'True', 'empty': 'None', 'log_cache_events': 'False', 'introspect': 'True', 'cache_selected_only': 'False', 'fail_fast': 'False', 'debug': 'False', 'log_format': 'default', 'profiles_dir': 'C:\\Users\\Admin\\.dbt', 'send_anonymous_usage_stats': 'True', 'quiet': 'False', 'warn_error': 'None', 'partial_parse': 'True', 'invocation_command': 'dbt init', 'indirect_selection': 'eager', 'use_colors': 'True', 'use_experimental_parser': 'False', 'log_path': 'logs'}
[0m03:21:18.463585 [debug] [MainThread]: Starter project path: C:\Users\Admin\AppData\Local\Programs\Python\Python312\Lib\site-packages\dbt\include\starter_project
[0m03:21:18.651955 [info ] [MainThread]: 
Your new dbt project "AirBnb_Proj" was created!

For more information on how to configure the profiles.yml file,
please consult the dbt documentation here:

  https://docs.getdbt.com/docs/configure-your-profile

One more thing:

Need help? Don't hesitate to reach out to us via GitHub issues or on Slack:

  https://community.getdbt.com/

Happy modeling!

[0m03:21:18.664363 [info ] [MainThread]: Setting up your profile.
[0m03:22:33.989934 [debug] [MainThread]: Snowflake adapter: Setting snowflake.connector to ERROR (file logging only)
[0m03:22:33.995226 [debug] [MainThread]: Snowflake adapter: Setting botocore to ERROR (file logging only)
[0m03:22:34.000542 [debug] [MainThread]: Snowflake adapter: Setting boto3 to ERROR (file logging only)
[0m03:27:48.336506 [info ] [MainThread]: Profile AirBnb_Proj written to C:\Users\Admin\.dbt\profiles.yml using target's profile_template.yml and your supplied values. Run 'dbt debug' to validate the connection.
[0m03:27:48.347332 [debug] [MainThread]: Command `dbt init` succeeded at 03:27:48.346333 after 440.38 seconds
[0m03:27:48.350331 [debug] [MainThread]: Sending event: {'category': 'dbt', 'action': 'invocation', 'label': 'end', 'context': [<snowplow_tracker.self_describing_json.SelfDescribingJson object at 0x0000026C497F91C0>, <snowplow_tracker.self_describing_json.SelfDescribingJson object at 0x0000026C4E931730>, <snowplow_tracker.self_describing_json.SelfDescribingJson object at 0x0000026C4F1B6A80>]}
[0m03:27:48.360372 [debug] [MainThread]: Flushing usage events
[0m03:27:51.566995 [debug] [MainThread]: An error was encountered while trying to flush usage events
[0m04:38:29.296206 [debug] [MainThread]: Sending event: {'category': 'dbt', 'action': 'invocation', 'label': 'start', 'context': [<snowplow_tracker.self_describing_json.SelfDescribingJson object at 0x000001CEFC6AF110>, <snowplow_tracker.self_describing_json.SelfDescribingJson object at 0x000001CEF99148F0>, <snowplow_tracker.self_describing_json.SelfDescribingJson object at 0x000001CEF9018D10>]}


============================== 04:38:29.338915 | 8ccf75c7-b877-4caa-99f9-4e46fb46a577 ==============================
[0m04:38:29.338915 [info ] [MainThread]: Running with dbt=1.11.3
[0m04:38:29.343906 [debug] [MainThread]: running dbt with arguments {'version_check': 'True', 'no_print': 'None', 'static_parser': 'True', 'warn_error_options': 'WarnErrorOptionsV2(error=[], warn=[], silence=[])', 'target_path': 'None', 'printer_width': '80', 'write_json': 'True', 'introspect': 'True', 'log_cache_events': 'False', 'empty': 'False', 'cache_selected_only': 'False', 'log_format': 'default', 'debug': 'False', 'fail_fast': 'False', 'partial_parse': 'True', 'send_anonymous_usage_stats': 'True', 'quiet': 'False', 'warn_error': 'None', 'profiles_dir': 'C:\\Users\\Admin\\.dbt', 'indirect_selection': 'eager', 'invocation_command': 'dbt run', 'use_colors': 'True', 'use_experimental_parser': 'False', 'log_path': 'logs'}
[0m04:38:29.346904 [error] [MainThread]: Encountered an error:
Runtime Error
  No dbt_project.yml found at expected path C:\Users\Admin\SnowflakeBnB\dbt_project.yml
  Verify that each entry within packages.yml (and their transitive dependencies) contains a file named dbt_project.yml
  
[0m04:38:29.359122 [debug] [MainThread]: Command `dbt run` failed at 04:38:29.358122 after 1.14 seconds
[0m04:38:29.363121 [debug] [MainThread]: Sending event: {'category': 'dbt', 'action': 'invocation', 'label': 'end', 'context': [<snowplow_tracker.self_describing_json.SelfDescribingJson object at 0x000001CEFC6AF110>, <snowplow_tracker.self_describing_json.SelfDescribingJson object at 0x000001CEFCCAE2D0>, <snowplow_tracker.self_describing_json.SelfDescribingJson object at 0x000001CEFCCAE1B0>]}
[0m04:38:29.378277 [debug] [MainThread]: Flushing usage events
[0m04:38:33.713261 [debug] [MainThread]: An error was encountered while trying to flush usage events
[0m08:26:47.185268 [debug] [MainThread]: Sending event: {'category': 'dbt', 'action': 'invocation', 'label': 'start', 'context': [<snowplow_tracker.self_describing_json.SelfDescribingJson object at 0x0000023FB31191C0>, <snowplow_tracker.self_describing_json.SelfDescribingJson object at 0x0000023FB6860740>, <snowplow_tracker.self_describing_json.SelfDescribingJson object at 0x0000023FB6863140>]}


============================== 08:26:47.201965 | 465d5c89-dd28-41fd-82dc-c9ee5da093f4 ==============================
[0m08:26:47.201965 [info ] [MainThread]: Running with dbt=1.11.3
[0m08:26:47.201965 [debug] [MainThread]: running dbt with arguments {'static_parser': 'True', 'no_print': 'None', 'version_check': 'True', 'warn_error_options': 'WarnErrorOptionsV2(error=[], warn=[], silence=[])', 'target_path': 'None', 'printer_width': '80', 'write_json': 'True', 'introspect': 'True', 'log_cache_events': 'False', 'empty': 'False', 'cache_selected_only': 'False', 'fail_fast': 'False', 'debug': 'False', 'log_format': 'default', 'partial_parse': 'True', 'send_anonymous_usage_stats': 'True', 'quiet': 'False', 'warn_error': 'None', 'profiles_dir': 'C:\\Users\\Admin\\.dbt', 'use_colors': 'True', 'indirect_selection': 'eager', 'invocation_command': 'dbt compile', 'use_experimental_parser': 'False', 'log_path': 'logs'}
[0m08:26:47.217601 [error] [MainThread]: Encountered an error:
Runtime Error
  No dbt_project.yml found at expected path C:\Users\Admin\SnowflakeBnB\dbt_project.yml
  Verify that each entry within packages.yml (and their transitive dependencies) contains a file named dbt_project.yml
  
[0m08:26:47.225712 [debug] [MainThread]: Command `dbt compile` failed at 08:26:47.225712 after 0.69 seconds
[0m08:26:47.229443 [debug] [MainThread]: Sending event: {'category': 'dbt', 'action': 'invocation', 'label': 'end', 'context': [<snowplow_tracker.self_describing_json.SelfDescribingJson object at 0x0000023FB63DAD50>, <snowplow_tracker.self_describing_json.SelfDescribingJson object at 0x0000023FB6F74F20>, <snowplow_tracker.self_describing_json.SelfDescribingJson object at 0x0000023FB6CBE9F0>]}
[0m08:26:47.234175 [debug] [MainThread]: Flushing usage events
[0m08:26:50.020413 [debug] [MainThread]: An error was encountered while trying to flush usage events
